# JRE version: OpenJDK Runtime Environment Temurin-21.0.10+7 (21.0.10+7) (build 21.0.10+7-LTS)
# Java VM: OpenJDK 64-Bit Server VM Temurin-21.0.10+7 (21.0.10+7-LTS, mixed mode, sharing, tiered, compressed oops, compressed class ptrs, g1 gc, windows-amd64)
GC Precious Log:
 CardTable entry size: 512
 Card Set container configuration: InlinePtr #cards 5 size 8 Array Of Cards #cards 12 size 40 Howl #buckets 4 coarsen threshold 1843 Howl Bitmap #cards 512 size 80 coarsen threshold 460 Card regions per heap region 1 cards per card region 2048
 CPUs: 16 total, 16 available
 Memory: 7537M
 Large Page Support: Disabled
 NUMA Support: Disabled
 Compressed Oops: Enabled (32-bit)
 Heap Region Size: 1M
 Heap Min Capacity: 8M
 Heap Initial Capacity: 118M
 Heap Max Capacity: 1886M
 Pre-touch: Disabled
 Parallel Workers: 13
 Concurrent Workers: 3
 Concurrent Refinement Workers: 13
 Periodic GC: Disabled
Heap:
 garbage-first heap   total 79872K, used 55737K [0x000000008a200000, 0x0000000100000000)
  region size 1024K, 15 young (15360K), 3 survivors (3072K)
 Metaspace       used 63613K, committed 64384K, reserved 1114112K
  class space    used 8544K, committed 8896K, reserved 1048576K
GC Heap History (20 events):
Event: 7.703 GC heap before
{Heap before GC invocations=3 (full 0):
 garbage-first heap   total 120832K, used 43780K [0x000000008a200000, 0x0000000100000000)
  region size 1024K, 28 young (28672K), 3 survivors (3072K)
 Metaspace       used 21171K, committed 21504K, reserved 1114112K
  class space    used 2626K, committed 2816K, reserved 1048576K
}
Event: 7.781 GC heap after
{Heap after GC invocations=4 (full 0):
 garbage-first heap   total 120832K, used 22276K [0x000000008a200000, 0x0000000100000000)
  region size 1024K, 5 young (5120K), 5 survivors (5120K)
 Metaspace       used 21171K, committed 21504K, reserved 1114112K
  class space    used 2626K, committed 2816K, reserved 1048576K
}
Event: 12.661 GC heap before
{Heap before GC invocations=5 (full 0):
 garbage-first heap   total 65536K, used 52996K [0x000000008a200000, 0x0000000100000000)
  region size 1024K, 38 young (38912K), 5 survivors (5120K)
 Metaspace       used 24222K, committed 24640K, reserved 1114112K
  class space    used 3006K, committed 3200K, reserved 1048576K
}
Event: 12.674 GC heap after
{Heap after GC invocations=6 (full 0):
 garbage-first heap   total 65536K, used 22064K [0x000000008a200000, 0x0000000100000000)
  region size 1024K, 5 young (5120K), 5 survivors (5120K)
 Metaspace       used 24222K, committed 24640K, reserved 1114112K
  class space    used 3006K, committed 3200K, reserved 1048576K
}
Event: 14.745 GC heap before
{Heap before GC invocations=6 (full 0):
 garbage-first heap   total 65536K, used 49712K [0x000000008a200000, 0x0000000100000000)
  region size 1024K, 32 young (32768K), 5 survivors (5120K)
 Metaspace       used 27960K, committed 28416K, reserved 1114112K
  class space    used 3593K, committed 3776K, reserved 1048576K
}
Event: 14.766 GC heap after
{Heap after GC invocations=7 (full 0):
 garbage-first heap   total 65536K, used 23562K [0x000000008a200000, 0x0000000100000000)
  region size 1024K, 3 young (3072K), 3 survivors (3072K)
 Metaspace       used 27960K, committed 28416K, reserved 1114112K
  class space    used 3593K, committed 3776K, reserved 1048576K
}
Event: 18.734 GC heap before
{Heap before GC invocations=7 (full 0):
 garbage-first heap   total 65536K, used 52234K [0x000000008a200000, 0x0000000100000000)
  region size 1024K, 30 young (30720K), 3 survivors (3072K)
 Metaspace       used 33064K, committed 33536K, reserved 1114112K
  class space    used 4202K, committed 4416K, reserved 1048576K
}
Event: 18.748 GC heap after
{Heap after GC invocations=8 (full 0):
 garbage-first heap   total 65536K, used 27066K [0x000000008a200000, 0x0000000100000000)
  region size 1024K, 3 young (3072K), 3 survivors (3072K)
 Metaspace       used 33064K, committed 33536K, reserved 1114112K
  class space    used 4202K, committed 4416K, reserved 1048576K
}
Event: 19.894 GC heap before
{Heap before GC invocations=8 (full 0):
 garbage-first heap   total 65536K, used 49594K [0x000000008a200000, 0x0000000100000000)
  region size 1024K, 26 young (26624K), 3 survivors (3072K)
 Metaspace       used 35426K, committed 35968K, reserved 1114112K
  class space    used 4535K, committed 4800K, reserved 1048576K
}
Event: 19.903 GC heap after
{Heap after GC invocations=9 (full 0):
 garbage-first heap   total 65536K, used 27656K [0x000000008a200000, 0x0000000100000000)
  region size 1024K, 2 young (2048K), 2 survivors (2048K)
 Metaspace       used 35426K, committed 35968K, reserved 1114112K
  class space    used 4535K, committed 4800K, reserved 1048576K
}
Event: 21.939 GC heap before
{Heap before GC invocations=10 (full 0):
 garbage-first heap   total 65536K, used 53256K [0x000000008a200000, 0x0000000100000000)
  region size 1024K, 28 young (28672K), 2 survivors (2048K)
 Metaspace       used 40627K, committed 41280K, reserved 1114112K
  class space    used 5327K, committed 5632K, reserved 1048576K
}
Event: 21.949 GC heap after
{Heap after GC invocations=11 (full 0):
 garbage-first heap   total 79872K, used 29768K [0x000000008a200000, 0x0000000100000000)
  region size 1024K, 4 young (4096K), 4 survivors (4096K)
 Metaspace       used 40627K, committed 41280K, reserved 1114112K
  class space    used 5327K, committed 5632K, reserved 1048576K
}
Event: 23.814 GC heap before
{Heap before GC invocations=11 (full 0):
 garbage-first heap   total 79872K, used 67656K [0x000000008a200000, 0x0000000100000000)
  region size 1024K, 41 young (41984K), 4 survivors (4096K)
 Metaspace       used 44856K, committed 45504K, reserved 1114112K
  class space    used 5904K, committed 6208K, reserved 1048576K
}
Event: 23.821 GC heap after
{Heap after GC invocations=12 (full 0):
 garbage-first heap   total 79872K, used 35571K [0x000000008a200000, 0x0000000100000000)
  region size 1024K, 6 young (6144K), 6 survivors (6144K)
 Metaspace       used 44856K, committed 45504K, reserved 1114112K
  class space    used 5904K, committed 6208K, reserved 1048576K
}
Event: 28.015 GC heap before
{Heap before GC invocations=12 (full 0):
 garbage-first heap   total 79872K, used 67315K [0x000000008a200000, 0x0000000100000000)
  region size 1024K, 37 young (37888K), 6 survivors (6144K)
 Metaspace       used 51791K, committed 52544K, reserved 1114112K
  class space    used 6972K, committed 7296K, reserved 1048576K
}
Event: 28.025 GC heap after
{Heap after GC invocations=13 (full 0):
 garbage-first heap   total 79872K, used 39626K [0x000000008a200000, 0x0000000100000000)
  region size 1024K, 4 young (4096K), 4 survivors (4096K)
 Metaspace       used 51791K, committed 52544K, reserved 1114112K
  class space    used 6972K, committed 7296K, reserved 1048576K
}
Event: 118.991 GC heap before
{Heap before GC invocations=13 (full 0):
 garbage-first heap   total 79872K, used 67274K [0x000000008a200000, 0x0000000100000000)
  region size 1024K, 32 young (32768K), 4 survivors (4096K)
 Metaspace       used 55615K, committed 56384K, reserved 1114112K
  class space    used 7462K, committed 7808K, reserved 1048576K
}
Event: 119.342 GC heap after
{Heap after GC invocations=14 (full 0):
 garbage-first heap   total 79872K, used 43001K [0x000000008a200000, 0x0000000100000000)
  region size 1024K, 4 young (4096K), 4 survivors (4096K)
 Metaspace       used 55615K, committed 56384K, reserved 1114112K
  class space    used 7462K, committed 7808K, reserved 1048576K
}
Event: 206.025 GC heap before
{Heap before GC invocations=15 (full 0):
 garbage-first heap   total 79872K, used 68601K [0x000000008a200000, 0x0000000100000000)
  region size 1024K, 29 young (29696K), 4 survivors (4096K)
 Metaspace       used 61285K, committed 62080K, reserved 1114112K
  class space    used 8225K, committed 8576K, reserved 1048576K
}
Event: 206.044 GC heap after
{Heap after GC invocations=16 (full 0):
 garbage-first heap   total 79872K, used 45497K [0x000000008a200000, 0x0000000100000000)
  region size 1024K, 3 young (3072K), 3 survivors (3072K)
 Metaspace       used 61285K, committed 62080K, reserved 1114112K
  class space    used 8225K, committed 8576K, reserved 1048576K
}

