# JRE version: OpenJDK Runtime Environment Temurin-21.0.10+7 (21.0.10+7) (build 21.0.10+7-LTS)
# Java VM: OpenJDK 64-Bit Server VM Temurin-21.0.10+7 (21.0.10+7-LTS, mixed mode, sharing, tiered, compressed oops, compressed class ptrs, parallel gc, windows-amd64)
GC Precious Log:
 CardTable entry size: 512
 CPUs: 16 total, 16 available
 Memory: 7537M
 Large Page Support: Disabled
 NUMA Support: Disabled
 Compressed Oops: Enabled (32-bit)
 Alignments: Space 512K, Generation 512K, Heap 2M
 Heap Min Capacity: 100M
 Heap Initial Capacity: 100M
 Heap Max Capacity: 2G
 Pre-touch: Disabled
 Parallel Workers: 13
Heap:
 PSYoungGen      total 4096K, used 1619K [0x00000000d5580000, 0x00000000d5a80000, 0x0000000100000000)
  eden space 3072K, 36% used [0x00000000d5580000,0x00000000d5694c60,0x00000000d5880000)
  from space 1024K, 50% used [0x00000000d5980000,0x00000000d5a00000,0x00000000d5a80000)
  to   space 1024K, 0% used [0x00000000d5880000,0x00000000d5880000,0x00000000d5980000)
 ParOldGen       total 628736K, used 628256K [0x0000000080000000, 0x00000000a6600000, 0x00000000d5580000)
  object space 628736K, 99% used [0x0000000080000000,0x00000000a65881a0,0x00000000a6600000)
 Metaspace       used 67326K, committed 68864K, reserved 1114112K
  class space    used 7240K, committed 8000K, reserved 1048576K
GC Heap History (20 events):
Event: 33.043 GC heap before
{Heap before GC invocations=868 (full 3):
 PSYoungGen      total 3584K, used 3520K [0x00000000d5580000, 0x00000000d5a00000, 0x0000000100000000)
  eden space 3072K, 100% used [0x00000000d5580000,0x00000000d5880000,0x00000000d5880000)
  from space 512K, 87% used [0x00000000d5980000,0x00000000d59f0000,0x00000000d5a00000)
  to   space 512K, 0% used [0x00000000d5900000,0x00000000d5900000,0x00000000d5980000)
 ParOldGen       total 622080K, used 621765K [0x0000000080000000, 0x00000000a5f80000, 0x00000000d5580000)
  object space 622080K, 99% used [0x0000000080000000,0x00000000a5f317a0,0x00000000a5f80000)
 Metaspace       used 67326K, committed 68864K, reserved 1114112K
  class space    used 7240K, committed 8000K, reserved 1048576K
}
Event: 33.045 GC heap after
{Heap after GC invocations=868 (full 3):
 PSYoungGen      total 3584K, used 480K [0x00000000d5580000, 0x00000000d5a00000, 0x0000000100000000)
  eden space 3072K, 0% used [0x00000000d5580000,0x00000000d5580000,0x00000000d5880000)
  from space 512K, 93% used [0x00000000d5900000,0x00000000d5978000,0x00000000d5980000)
  to   space 512K, 0% used [0x00000000d5980000,0x00000000d5980000,0x00000000d5a00000)
 ParOldGen       total 622592K, used 622093K [0x0000000080000000, 0x00000000a6000000, 0x00000000d5580000)
  object space 622592K, 99% used [0x0000000080000000,0x00000000a5f837a0,0x00000000a6000000)
 Metaspace       used 67326K, committed 68864K, reserved 1114112K
  class space    used 7240K, committed 8000K, reserved 1048576K
}
Event: 33.054 GC heap before
{Heap before GC invocations=869 (full 3):
 PSYoungGen      total 3584K, used 3552K [0x00000000d5580000, 0x00000000d5a00000, 0x0000000100000000)
  eden space 3072K, 100% used [0x00000000d5580000,0x00000000d5880000,0x00000000d5880000)
  from space 512K, 93% used [0x00000000d5900000,0x00000000d5978000,0x00000000d5980000)
  to   space 512K, 0% used [0x00000000d5980000,0x00000000d5980000,0x00000000d5a00000)
 ParOldGen       total 622592K, used 622093K [0x0000000080000000, 0x00000000a6000000, 0x00000000d5580000)
  object space 622592K, 99% used [0x0000000080000000,0x00000000a5f837a0,0x00000000a6000000)
 Metaspace       used 67326K, committed 68864K, reserved 1114112K
  class space    used 7240K, committed 8000K, reserved 1048576K
}
Event: 33.055 GC heap after
{Heap after GC invocations=869 (full 3):
 PSYoungGen      total 3584K, used 512K [0x00000000d5580000, 0x00000000d5a80000, 0x0000000100000000)
  eden space 3072K, 0% used [0x00000000d5580000,0x00000000d5580000,0x00000000d5880000)
  from space 512K, 100% used [0x00000000d5980000,0x00000000d5a00000,0x00000000d5a00000)
  to   space 1024K, 0% used [0x00000000d5880000,0x00000000d5880000,0x00000000d5980000)
 ParOldGen       total 622592K, used 622469K [0x0000000080000000, 0x00000000a6000000, 0x00000000d5580000)
  object space 622592K, 99% used [0x0000000080000000,0x00000000a5fe17a0,0x00000000a6000000)
 Metaspace       used 67326K, committed 68864K, reserved 1114112K
  class space    used 7240K, committed 8000K, reserved 1048576K
}
Event: 33.064 GC heap before
{Heap before GC invocations=870 (full 3):
 PSYoungGen      total 3584K, used 3584K [0x00000000d5580000, 0x00000000d5a80000, 0x0000000100000000)
  eden space 3072K, 100% used [0x00000000d5580000,0x00000000d5880000,0x00000000d5880000)
  from space 512K, 100% used [0x00000000d5980000,0x00000000d5a00000,0x00000000d5a00000)
  to   space 1024K, 0% used [0x00000000d5880000,0x00000000d5880000,0x00000000d5980000)
 ParOldGen       total 622592K, used 622469K [0x0000000080000000, 0x00000000a6000000, 0x00000000d5580000)
  object space 622592K, 99% used [0x0000000080000000,0x00000000a5fe17a0,0x00000000a6000000)
 Metaspace       used 67326K, committed 68864K, reserved 1114112K
  class space    used 7240K, committed 8000K, reserved 1048576K
}
Event: 33.066 GC heap after
{Heap after GC invocations=870 (full 3):
 PSYoungGen      total 4096K, used 448K [0x00000000d5580000, 0x00000000d5a80000, 0x0000000100000000)
  eden space 3072K, 0% used [0x00000000d5580000,0x00000000d5580000,0x00000000d5880000)
  from space 1024K, 43% used [0x00000000d5880000,0x00000000d58f0000,0x00000000d5980000)
  to   space 1024K, 0% used [0x00000000d5980000,0x00000000d5980000,0x00000000d5a80000)
 ParOldGen       total 623104K, used 622909K [0x0000000080000000, 0x00000000a6080000, 0x00000000d5580000)
  object space 623104K, 99% used [0x0000000080000000,0x00000000a604f7a0,0x00000000a6080000)
 Metaspace       used 67326K, committed 68864K, reserved 1114112K
  class space    used 7240K, committed 8000K, reserved 1048576K
}
Event: 33.077 GC heap before
{Heap before GC invocations=871 (full 3):
 PSYoungGen      total 4096K, used 3520K [0x00000000d5580000, 0x00000000d5a80000, 0x0000000100000000)
  eden space 3072K, 100% used [0x00000000d5580000,0x00000000d5880000,0x00000000d5880000)
  from space 1024K, 43% used [0x00000000d5880000,0x00000000d58f0000,0x00000000d5980000)
  to   space 1024K, 0% used [0x00000000d5980000,0x00000000d5980000,0x00000000d5a80000)
 ParOldGen       total 623104K, used 622909K [0x0000000080000000, 0x00000000a6080000, 0x00000000d5580000)
  object space 623104K, 99% used [0x0000000080000000,0x00000000a604f7a0,0x00000000a6080000)
 Metaspace       used 67326K, committed 68864K, reserved 1114112K
  class space    used 7240K, committed 8000K, reserved 1048576K
}
Event: 33.080 GC heap after
{Heap after GC invocations=871 (full 3):
 PSYoungGen      total 3584K, used 480K [0x00000000d5580000, 0x00000000d5a00000, 0x0000000100000000)
  eden space 3072K, 0% used [0x00000000d5580000,0x00000000d5580000,0x00000000d5880000)
  from space 512K, 93% used [0x00000000d5980000,0x00000000d59f8000,0x00000000d5a00000)
  to   space 512K, 0% used [0x00000000d5900000,0x00000000d5900000,0x00000000d5980000)
 ParOldGen       total 623616K, used 623253K [0x0000000080000000, 0x00000000a6100000, 0x00000000d5580000)
  object space 623616K, 99% used [0x0000000080000000,0x00000000a60a57a0,0x00000000a6100000)
 Metaspace       used 67326K, committed 68864K, reserved 1114112K
  class space    used 7240K, committed 8000K, reserved 1048576K
}
Event: 33.115 GC heap before
{Heap before GC invocations=872 (full 3):
 PSYoungGen      total 3584K, used 3552K [0x00000000d5580000, 0x00000000d5a00000, 0x0000000100000000)
  eden space 3072K, 100% used [0x00000000d5580000,0x00000000d5880000,0x00000000d5880000)
  from space 512K, 93% used [0x00000000d5980000,0x00000000d59f8000,0x00000000d5a00000)
  to   space 512K, 0% used [0x00000000d5900000,0x00000000d5900000,0x00000000d5980000)
 ParOldGen       total 623616K, used 623253K [0x0000000080000000, 0x00000000a6100000, 0x00000000d5580000)
  object space 623616K, 99% used [0x0000000080000000,0x00000000a60a57a0,0x00000000a6100000)
 Metaspace       used 67326K, committed 68864K, reserved 1114112K
  class space    used 7240K, committed 8000K, reserved 1048576K
}
Event: 33.118 GC heap after
{Heap after GC invocations=872 (full 3):
 PSYoungGen      total 3584K, used 485K [0x00000000d5580000, 0x00000000d5c80000, 0x0000000100000000)
  eden space 3072K, 0% used [0x00000000d5580000,0x00000000d5580000,0x00000000d5880000)
  from space 512K, 94% used [0x00000000d5900000,0x00000000d5979600,0x00000000d5980000)
  to   space 2048K, 0% used [0x00000000d5a80000,0x00000000d5a80000,0x00000000d5c80000)
 ParOldGen       total 624640K, used 624560K [0x0000000080000000, 0x00000000a6200000, 0x00000000d5580000)
  object space 624640K, 99% used [0x0000000080000000,0x00000000a61ec250,0x00000000a6200000)
 Metaspace       used 67326K, committed 68864K, reserved 1114112K
  class space    used 7240K, committed 8000K, reserved 1048576K
}
Event: 33.220 GC heap before
{Heap before GC invocations=873 (full 3):
 PSYoungGen      total 3584K, used 3557K [0x00000000d5580000, 0x00000000d5c80000, 0x0000000100000000)
  eden space 3072K, 100% used [0x00000000d5580000,0x00000000d5880000,0x00000000d5880000)
  from space 512K, 94% used [0x00000000d5900000,0x00000000d5979600,0x00000000d5980000)
  to   space 2048K, 0% used [0x00000000d5a80000,0x00000000d5a80000,0x00000000d5c80000)
 ParOldGen       total 624640K, used 624560K [0x0000000080000000, 0x00000000a6200000, 0x00000000d5580000)
  object space 624640K, 99% used [0x0000000080000000,0x00000000a61ec250,0x00000000a6200000)
 Metaspace       used 67326K, committed 68864K, reserved 1114112K
  class space    used 7240K, committed 8000K, reserved 1048576K
}
Event: 33.221 GC heap after
{Heap after GC invocations=873 (full 3):
 PSYoungGen      total 4608K, used 1116K [0x00000000d5580000, 0x00000000d5c00000, 0x0000000100000000)
  eden space 3072K, 0% used [0x00000000d5580000,0x00000000d5580000,0x00000000d5880000)
  from space 1536K, 72% used [0x00000000d5a80000,0x00000000d5b97000,0x00000000d5c00000)
  to   space 1536K, 0% used [0x00000000d5900000,0x00000000d5900000,0x00000000d5a80000)
 ParOldGen       total 625152K, used 624688K [0x0000000080000000, 0x00000000a6280000, 0x00000000d5580000)
  object space 625152K, 99% used [0x0000000080000000,0x00000000a620c250,0x00000000a6280000)
 Metaspace       used 67326K, committed 68864K, reserved 1114112K
  class space    used 7240K, committed 8000K, reserved 1048576K
}
Event: 33.275 GC heap before
{Heap before GC invocations=874 (full 3):
 PSYoungGen      total 4608K, used 4183K [0x00000000d5580000, 0x00000000d5c00000, 0x0000000100000000)
  eden space 3072K, 99% used [0x00000000d5580000,0x00000000d587eca8,0x00000000d5880000)
  from space 1536K, 72% used [0x00000000d5a80000,0x00000000d5b97000,0x00000000d5c00000)
  to   space 1536K, 0% used [0x00000000d5900000,0x00000000d5900000,0x00000000d5a80000)
 ParOldGen       total 625152K, used 624688K [0x0000000080000000, 0x00000000a6280000, 0x00000000d5580000)
  object space 625152K, 99% used [0x0000000080000000,0x00000000a620c250,0x00000000a6280000)
 Metaspace       used 67326K, committed 68864K, reserved 1114112K
  class space    used 7240K, committed 8000K, reserved 1048576K
}
Event: 33.278 GC heap after
{Heap after GC invocations=874 (full 3):
 PSYoungGen      total 3584K, used 384K [0x00000000d5580000, 0x00000000d5b00000, 0x0000000100000000)
  eden space 3072K, 0% used [0x00000000d5580000,0x00000000d5580000,0x00000000d5880000)
  from space 512K, 75% used [0x00000000d5900000,0x00000000d5960000,0x00000000d5980000)
  to   space 1024K, 0% used [0x00000000d5a00000,0x00000000d5a00000,0x00000000d5b00000)
 ParOldGen       total 625664K, used 625505K [0x0000000080000000, 0x00000000a6300000, 0x00000000d5580000)
  object space 625664K, 99% used [0x0000000080000000,0x00000000a62d8640,0x00000000a6300000)
 Metaspace       used 67326K, committed 68864K, reserved 1114112K
  class space    used 7240K, committed 8000K, reserved 1048576K
}
Event: 33.337 GC heap before
{Heap before GC invocations=875 (full 3):
 PSYoungGen      total 3584K, used 3456K [0x00000000d5580000, 0x00000000d5b00000, 0x0000000100000000)
  eden space 3072K, 100% used [0x00000000d5580000,0x00000000d5880000,0x00000000d5880000)
  from space 512K, 75% used [0x00000000d5900000,0x00000000d5960000,0x00000000d5980000)
  to   space 1024K, 0% used [0x00000000d5a00000,0x00000000d5a00000,0x00000000d5b00000)
 ParOldGen       total 625664K, used 625505K [0x0000000080000000, 0x00000000a6300000, 0x00000000d5580000)
  object space 625664K, 99% used [0x0000000080000000,0x00000000a62d8640,0x00000000a6300000)
 Metaspace       used 67326K, committed 68864K, reserved 1114112K
  class space    used 7240K, committed 8000K, reserved 1048576K
}
Event: 33.339 GC heap after
{Heap after GC invocations=875 (full 3):
 PSYoungGen      total 4096K, used 581K [0x00000000d5580000, 0x00000000d5b00000, 0x0000000100000000)
  eden space 3072K, 0% used [0x00000000d5580000,0x00000000d5580000,0x00000000d5880000)
  from space 1024K, 56% used [0x00000000d5a00000,0x00000000d5a91758,0x00000000d5b00000)
  to   space 1024K, 0% used [0x00000000d5900000,0x00000000d5900000,0x00000000d5a00000)
 ParOldGen       total 625664K, used 625609K [0x0000000080000000, 0x00000000a6300000, 0x00000000d5580000)
  object space 625664K, 99% used [0x0000000080000000,0x00000000a62f2640,0x00000000a6300000)
 Metaspace       used 67326K, committed 68864K, reserved 1114112K
  class space    used 7240K, committed 8000K, reserved 1048576K
}
Event: 33.356 GC heap before
{Heap before GC invocations=876 (full 3):
 PSYoungGen      total 4096K, used 3653K [0x00000000d5580000, 0x00000000d5b00000, 0x0000000100000000)
  eden space 3072K, 100% used [0x00000000d5580000,0x00000000d5880000,0x00000000d5880000)
  from space 1024K, 56% used [0x00000000d5a00000,0x00000000d5a91758,0x00000000d5b00000)
  to   space 1024K, 0% used [0x00000000d5900000,0x00000000d5900000,0x00000000d5a00000)
 ParOldGen       total 625664K, used 625609K [0x0000000080000000, 0x00000000a6300000, 0x00000000d5580000)
  object space 625664K, 99% used [0x0000000080000000,0x00000000a62f2640,0x00000000a6300000)
 Metaspace       used 67326K, committed 68864K, reserved 1114112K
  class space    used 7240K, committed 8000K, reserved 1048576K
}
Event: 33.358 GC heap after
{Heap after GC invocations=876 (full 3):
 PSYoungGen      total 4096K, used 603K [0x00000000d5580000, 0x00000000d5a80000, 0x0000000100000000)
  eden space 3072K, 0% used [0x00000000d5580000,0x00000000d5580000,0x00000000d5880000)
  from space 1024K, 58% used [0x00000000d5900000,0x00000000d5996c08,0x00000000d5a00000)
  to   space 512K, 0% used [0x00000000d5a00000,0x00000000d5a00000,0x00000000d5a80000)
 ParOldGen       total 626176K, used 626030K [0x0000000080000000, 0x00000000a6380000, 0x00000000d5580000)
  object space 626176K, 99% used [0x0000000080000000,0x00000000a635b960,0x00000000a6380000)
 Metaspace       used 67326K, committed 68864K, reserved 1114112K
  class space    used 7240K, committed 8000K, reserved 1048576K
}
Event: 33.372 GC heap before
{Heap before GC invocations=877 (full 3):
 PSYoungGen      total 4096K, used 3675K [0x00000000d5580000, 0x00000000d5a80000, 0x0000000100000000)
  eden space 3072K, 100% used [0x00000000d5580000,0x00000000d5880000,0x00000000d5880000)
  from space 1024K, 58% used [0x00000000d5900000,0x00000000d5996c08,0x00000000d5a00000)
  to   space 512K, 0% used [0x00000000d5a00000,0x00000000d5a00000,0x00000000d5a80000)
 ParOldGen       total 626176K, used 626030K [0x0000000080000000, 0x00000000a6380000, 0x00000000d5580000)
  object space 626176K, 99% used [0x0000000080000000,0x00000000a635b960,0x00000000a6380000)
 Metaspace       used 67326K, committed 68864K, reserved 1114112K
  class space    used 7240K, committed 8000K, reserved 1048576K
}
Event: 34.398 GC heap after
{Heap after GC invocations=877 (full 3):
 PSYoungGen      total 3584K, used 512K [0x00000000d5580000, 0x00000000d5b80000, 0x0000000100000000)
  eden space 3072K, 0% used [0x00000000d5580000,0x00000000d5580000,0x00000000d5880000)
  from space 512K, 100% used [0x00000000d5a00000,0x00000000d5a80000,0x00000000d5a80000)
  to   space 1536K, 0% used [0x00000000d5880000,0x00000000d5880000,0x00000000d5a00000)
 ParOldGen       total 626688K, used 626521K [0x0000000080000000, 0x00000000a6400000, 0x00000000d5580000)
  object space 626688K, 99% used [0x0000000080000000,0x00000000a63d6568,0x00000000a6400000)
 Metaspace       used 67326K, committed 68864K, reserved 1114112K
  class space    used 7240K, committed 8000K, reserved 1048576K
}

