# JRE version: OpenJDK Runtime Environment Temurin-21.0.10+7 (21.0.10+7) (build 21.0.10+7-LTS)
# Java VM: OpenJDK 64-Bit Server VM Temurin-21.0.10+7 (21.0.10+7-LTS, mixed mode, sharing, tiered, compressed oops, compressed class ptrs, g1 gc, windows-amd64)
GC Precious Log:
 CardTable entry size: 512
 Card Set container configuration: InlinePtr #cards 5 size 8 Array Of Cards #cards 12 size 40 Howl #buckets 4 coarsen threshold 1843 Howl Bitmap #cards 512 size 80 coarsen threshold 460 Card regions per heap region 1 cards per card region 2048
 CPUs: 16 total, 16 available
 Memory: 7537M
 Large Page Support: Disabled
 NUMA Support: Disabled
 Compressed Oops: Enabled (32-bit)
 Heap Region Size: 1M
 Heap Min Capacity: 8M
 Heap Initial Capacity: 118M
 Heap Max Capacity: 1886M
 Pre-touch: Disabled
 Parallel Workers: 13
 Concurrent Workers: 3
 Concurrent Refinement Workers: 13
 Periodic GC: Disabled
Heap:
 garbage-first heap   total 92160K, used 66152K [0x000000008a200000, 0x0000000100000000)
  region size 1024K, 26 young (26624K), 6 survivors (6144K)
 Metaspace       used 77530K, committed 78400K, reserved 1179648K
  class space    used 10764K, committed 11136K, reserved 1048576K
GC Heap History (20 events):
Event: 2.265 GC heap before
{Heap before GC invocations=3 (full 0):
 garbage-first heap   total 120832K, used 49431K [0x000000008a200000, 0x0000000100000000)
  region size 1024K, 32 young (32768K), 3 survivors (3072K)
 Metaspace       used 21180K, committed 21504K, reserved 1114112K
  class space    used 2754K, committed 2880K, reserved 1048576K
}
Event: 2.269 GC heap after
{Heap after GC invocations=4 (full 0):
 garbage-first heap   total 120832K, used 24502K [0x000000008a200000, 0x0000000100000000)
  region size 1024K, 6 young (6144K), 6 survivors (6144K)
 Metaspace       used 21180K, committed 21504K, reserved 1114112K
  class space    used 2754K, committed 2880K, reserved 1048576K
}
Event: 3.006 GC heap before
{Heap before GC invocations=5 (full 0):
 garbage-first heap   total 75776K, used 59318K [0x000000008a200000, 0x0000000100000000)
  region size 1024K, 44 young (45056K), 6 survivors (6144K)
 Metaspace       used 26158K, committed 26624K, reserved 1114112K
  class space    used 3370K, committed 3584K, reserved 1048576K
}
Event: 3.012 GC heap after
{Heap after GC invocations=6 (full 0):
 garbage-first heap   total 75776K, used 24411K [0x000000008a200000, 0x0000000100000000)
  region size 1024K, 6 young (6144K), 6 survivors (6144K)
 Metaspace       used 26158K, committed 26624K, reserved 1114112K
  class space    used 3370K, committed 3584K, reserved 1048576K
}
Event: 3.909 GC heap before
{Heap before GC invocations=6 (full 0):
 garbage-first heap   total 75776K, used 58203K [0x000000008a200000, 0x0000000100000000)
  region size 1024K, 39 young (39936K), 6 survivors (6144K)
 Metaspace       used 30809K, committed 31232K, reserved 1114112K
  class space    used 4129K, committed 4288K, reserved 1048576K
}
Event: 3.914 GC heap after
{Heap after GC invocations=7 (full 0):
 garbage-first heap   total 75776K, used 26418K [0x000000008a200000, 0x0000000100000000)
  region size 1024K, 3 young (3072K), 3 survivors (3072K)
 Metaspace       used 30809K, committed 31232K, reserved 1114112K
  class space    used 4129K, committed 4288K, reserved 1048576K
}
Event: 4.453 GC heap before
{Heap before GC invocations=7 (full 0):
 garbage-first heap   total 75776K, used 65330K [0x000000008a200000, 0x0000000100000000)
  region size 1024K, 36 young (36864K), 3 survivors (3072K)
 Metaspace       used 34770K, committed 35200K, reserved 1114112K
  class space    used 4674K, committed 4864K, reserved 1048576K
}
Event: 4.458 GC heap after
{Heap after GC invocations=8 (full 0):
 garbage-first heap   total 76800K, used 37045K [0x000000008a200000, 0x0000000100000000)
  region size 1024K, 5 young (5120K), 5 survivors (5120K)
 Metaspace       used 34770K, committed 35200K, reserved 1114112K
  class space    used 4674K, committed 4864K, reserved 1048576K
}
Event: 4.643 GC heap before
{Heap before GC invocations=8 (full 0):
 garbage-first heap   total 76800K, used 50357K [0x000000008a200000, 0x0000000100000000)
  region size 1024K, 18 young (18432K), 5 survivors (5120K)
 Metaspace       used 35602K, committed 36096K, reserved 1114112K
  class space    used 4779K, committed 4992K, reserved 1048576K
}
Event: 4.647 GC heap after
{Heap after GC invocations=9 (full 0):
 garbage-first heap   total 92160K, used 38092K [0x000000008a200000, 0x0000000100000000)
  region size 1024K, 2 young (2048K), 2 survivors (2048K)
 Metaspace       used 35602K, committed 36096K, reserved 1114112K
  class space    used 4779K, committed 4992K, reserved 1048576K
}
Event: 5.882 GC heap before
{Heap before GC invocations=10 (full 0):
 garbage-first heap   total 92160K, used 69836K [0x000000008a200000, 0x0000000100000000)
  region size 1024K, 37 young (37888K), 2 survivors (2048K)
 Metaspace       used 44343K, committed 44864K, reserved 1114112K
  class space    used 6095K, committed 6336K, reserved 1048576K
}
Event: 5.885 GC heap after
{Heap after GC invocations=11 (full 0):
 garbage-first heap   total 92160K, used 37462K [0x000000008a200000, 0x0000000100000000)
  region size 1024K, 4 young (4096K), 4 survivors (4096K)
 Metaspace       used 44343K, committed 44864K, reserved 1114112K
  class space    used 6095K, committed 6336K, reserved 1048576K
}
Event: 7.143 GC heap before
{Heap before GC invocations=11 (full 0):
 garbage-first heap   total 92160K, used 75350K [0x000000008a200000, 0x0000000100000000)
  region size 1024K, 41 young (41984K), 4 survivors (4096K)
 Metaspace       used 56255K, committed 56832K, reserved 1114112K
  class space    used 7691K, committed 7936K, reserved 1048576K
}
Event: 7.148 GC heap after
{Heap after GC invocations=12 (full 0):
 garbage-first heap   total 92160K, used 39204K [0x000000008a200000, 0x0000000100000000)
  region size 1024K, 6 young (6144K), 6 survivors (6144K)
 Metaspace       used 56255K, committed 56832K, reserved 1114112K
  class space    used 7691K, committed 7936K, reserved 1048576K
}
Event: 7.511 GC heap before
{Heap before GC invocations=12 (full 0):
 garbage-first heap   total 92160K, used 51492K [0x000000008a200000, 0x0000000100000000)
  region size 1024K, 19 young (19456K), 6 survivors (6144K)
 Metaspace       used 59648K, committed 60288K, reserved 1114112K
  class space    used 8268K, committed 8576K, reserved 1048576K
}
Event: 7.516 GC heap after
{Heap after GC invocations=13 (full 0):
 garbage-first heap   total 92160K, used 39937K [0x000000008a200000, 0x0000000100000000)
  region size 1024K, 4 young (4096K), 4 survivors (4096K)
 Metaspace       used 59648K, committed 60288K, reserved 1114112K
  class space    used 8268K, committed 8576K, reserved 1048576K
}
Event: 9.056 GC heap before
{Heap before GC invocations=14 (full 0):
 garbage-first heap   total 92160K, used 78849K [0x000000008a200000, 0x0000000100000000)
  region size 1024K, 42 young (43008K), 4 survivors (4096K)
 Metaspace       used 67485K, committed 68224K, reserved 1114112K
  class space    used 9359K, committed 9664K, reserved 1048576K
}
Event: 9.061 GC heap after
{Heap after GC invocations=15 (full 0):
 garbage-first heap   total 92160K, used 42982K [0x000000008a200000, 0x0000000100000000)
  region size 1024K, 4 young (4096K), 4 survivors (4096K)
 Metaspace       used 67485K, committed 68224K, reserved 1114112K
  class space    used 9359K, committed 9664K, reserved 1048576K
}
Event: 10.444 GC heap before
{Heap before GC invocations=15 (full 0):
 garbage-first heap   total 92160K, used 79846K [0x000000008a200000, 0x0000000100000000)
  region size 1024K, 41 young (41984K), 4 survivors (4096K)
 Metaspace       used 72883K, committed 73664K, reserved 1114112K
  class space    used 10089K, committed 10432K, reserved 1048576K
}
Event: 10.450 GC heap after
{Heap after GC invocations=16 (full 0):
 garbage-first heap   total 92160K, used 46696K [0x000000008a200000, 0x0000000100000000)
  region size 1024K, 6 young (6144K), 6 survivors (6144K)
 Metaspace       used 72883K, committed 73664K, reserved 1114112K
  class space    used 10089K, committed 10432K, reserved 1048576K
}

