# JRE version: OpenJDK Runtime Environment Temurin-21.0.10+7 (21.0.10+7) (build 21.0.10+7-LTS)
# Java VM: OpenJDK 64-Bit Server VM Temurin-21.0.10+7 (21.0.10+7-LTS, mixed mode, sharing, tiered, compressed oops, compressed class ptrs, parallel gc, windows-amd64)
GC Precious Log:
 CardTable entry size: 512
 CPUs: 16 total, 16 available
 Memory: 7537M
 Large Page Support: Disabled
 NUMA Support: Disabled
 Compressed Oops: Enabled (32-bit)
 Alignments: Space 512K, Generation 512K, Heap 2M
 Heap Min Capacity: 100M
 Heap Initial Capacity: 100M
 Heap Max Capacity: 2G
 Pre-touch: Disabled
 Parallel Workers: 13
Heap:
 PSYoungGen      total 5632K, used 4511K [0x00000000d5580000, 0x00000000d5c00000, 0x0000000100000000)
  eden space 4608K, 83% used [0x00000000d5580000,0x00000000d59424f8,0x00000000d5a00000)
  from space 1024K, 64% used [0x00000000d5a00000,0x00000000d5aa5808,0x00000000d5b00000)
  to   space 1024K, 0% used [0x00000000d5b00000,0x00000000d5b00000,0x00000000d5c00000)
 ParOldGen       total 108032K, used 50555K [0x0000000080000000, 0x0000000086980000, 0x00000000d5580000)
  object space 108032K, 46% used [0x0000000080000000,0x000000008315ecd0,0x0000000086980000)
 Metaspace       used 59540K, committed 60928K, reserved 1114112K
  class space    used 6326K, committed 6912K, reserved 1048576K
GC Heap History (20 events):
Event: 16.977 GC heap before
{Heap before GC invocations=94 (full 3):
 PSYoungGen      total 5120K, used 5017K [0x00000000d5580000, 0x00000000d5d00000, 0x0000000100000000)
  eden space 4608K, 99% used [0x00000000d5580000,0x00000000d59fe428,0x00000000d5a00000)
  from space 512K, 81% used [0x00000000d5c80000,0x00000000d5ce8000,0x00000000d5d00000)
  to   space 512K, 0% used [0x00000000d5c00000,0x00000000d5c00000,0x00000000d5c80000)
 ParOldGen       total 108032K, used 44656K [0x0000000080000000, 0x0000000086980000, 0x00000000d5580000)
  object space 108032K, 41% used [0x0000000080000000,0x0000000082b9c070,0x0000000086980000)
 Metaspace       used 58519K, committed 59904K, reserved 1114112K
  class space    used 6230K, committed 6848K, reserved 1048576K
}
Event: 16.979 GC heap after
{Heap after GC invocations=94 (full 3):
 PSYoungGen      total 5120K, used 512K [0x00000000d5580000, 0x00000000d5d00000, 0x0000000100000000)
  eden space 4608K, 0% used [0x00000000d5580000,0x00000000d5580000,0x00000000d5a00000)
  from space 512K, 100% used [0x00000000d5c00000,0x00000000d5c80000,0x00000000d5c80000)
  to   space 512K, 0% used [0x00000000d5c80000,0x00000000d5c80000,0x00000000d5d00000)
 ParOldGen       total 108032K, used 44880K [0x0000000080000000, 0x0000000086980000, 0x00000000d5580000)
  object space 108032K, 41% used [0x0000000080000000,0x0000000082bd4070,0x0000000086980000)
 Metaspace       used 58519K, committed 59904K, reserved 1114112K
  class space    used 6230K, committed 6848K, reserved 1048576K
}
Event: 16.998 GC heap before
{Heap before GC invocations=95 (full 3):
 PSYoungGen      total 5120K, used 5120K [0x00000000d5580000, 0x00000000d5d00000, 0x0000000100000000)
  eden space 4608K, 100% used [0x00000000d5580000,0x00000000d5a00000,0x00000000d5a00000)
  from space 512K, 100% used [0x00000000d5c00000,0x00000000d5c80000,0x00000000d5c80000)
  to   space 512K, 0% used [0x00000000d5c80000,0x00000000d5c80000,0x00000000d5d00000)
 ParOldGen       total 108032K, used 44880K [0x0000000080000000, 0x0000000086980000, 0x00000000d5580000)
  object space 108032K, 41% used [0x0000000080000000,0x0000000082bd4070,0x0000000086980000)
 Metaspace       used 58532K, committed 59968K, reserved 1114112K
  class space    used 6230K, committed 6848K, reserved 1048576K
}
Event: 17.000 GC heap after
{Heap after GC invocations=95 (full 3):
 PSYoungGen      total 5120K, used 512K [0x00000000d5580000, 0x00000000d5d00000, 0x0000000100000000)
  eden space 4608K, 0% used [0x00000000d5580000,0x00000000d5580000,0x00000000d5a00000)
  from space 512K, 100% used [0x00000000d5c80000,0x00000000d5d00000,0x00000000d5d00000)
  to   space 1536K, 0% used [0x00000000d5a00000,0x00000000d5a00000,0x00000000d5b80000)
 ParOldGen       total 108032K, used 45582K [0x0000000080000000, 0x0000000086980000, 0x00000000d5580000)
  object space 108032K, 42% used [0x0000000080000000,0x0000000082c83920,0x0000000086980000)
 Metaspace       used 58532K, committed 59968K, reserved 1114112K
  class space    used 6230K, committed 6848K, reserved 1048576K
}
Event: 17.054 GC heap before
{Heap before GC invocations=96 (full 3):
 PSYoungGen      total 5120K, used 5120K [0x00000000d5580000, 0x00000000d5d00000, 0x0000000100000000)
  eden space 4608K, 100% used [0x00000000d5580000,0x00000000d5a00000,0x00000000d5a00000)
  from space 512K, 100% used [0x00000000d5c80000,0x00000000d5d00000,0x00000000d5d00000)
  to   space 1536K, 0% used [0x00000000d5a00000,0x00000000d5a00000,0x00000000d5b80000)
 ParOldGen       total 108032K, used 45582K [0x0000000080000000, 0x0000000086980000, 0x00000000d5580000)
  object space 108032K, 42% used [0x0000000080000000,0x0000000082c83920,0x0000000086980000)
 Metaspace       used 58596K, committed 59968K, reserved 1114112K
  class space    used 6236K, committed 6848K, reserved 1048576K
}
Event: 17.055 GC heap after
{Heap after GC invocations=96 (full 3):
 PSYoungGen      total 6144K, used 704K [0x00000000d5580000, 0x00000000d5d00000, 0x0000000100000000)
  eden space 4608K, 0% used [0x00000000d5580000,0x00000000d5580000,0x00000000d5a00000)
  from space 1536K, 45% used [0x00000000d5a00000,0x00000000d5ab0000,0x00000000d5b80000)
  to   space 1024K, 0% used [0x00000000d5c00000,0x00000000d5c00000,0x00000000d5d00000)
 ParOldGen       total 108032K, used 46014K [0x0000000080000000, 0x0000000086980000, 0x00000000d5580000)
  object space 108032K, 42% used [0x0000000080000000,0x0000000082cef920,0x0000000086980000)
 Metaspace       used 58596K, committed 59968K, reserved 1114112K
  class space    used 6236K, committed 6848K, reserved 1048576K
}
Event: 17.111 GC heap before
{Heap before GC invocations=97 (full 3):
 PSYoungGen      total 6144K, used 5312K [0x00000000d5580000, 0x00000000d5d00000, 0x0000000100000000)
  eden space 4608K, 100% used [0x00000000d5580000,0x00000000d5a00000,0x00000000d5a00000)
  from space 1536K, 45% used [0x00000000d5a00000,0x00000000d5ab0000,0x00000000d5b80000)
  to   space 1024K, 0% used [0x00000000d5c00000,0x00000000d5c00000,0x00000000d5d00000)
 ParOldGen       total 108032K, used 46014K [0x0000000080000000, 0x0000000086980000, 0x00000000d5580000)
  object space 108032K, 42% used [0x0000000080000000,0x0000000082cef920,0x0000000086980000)
 Metaspace       used 58653K, committed 60032K, reserved 1114112K
  class space    used 6239K, committed 6848K, reserved 1048576K
}
Event: 17.112 GC heap after
{Heap after GC invocations=97 (full 3):
 PSYoungGen      total 5632K, used 672K [0x00000000d5580000, 0x00000000d5d00000, 0x0000000100000000)
  eden space 4608K, 0% used [0x00000000d5580000,0x00000000d5580000,0x00000000d5a00000)
  from space 1024K, 65% used [0x00000000d5c00000,0x00000000d5ca8000,0x00000000d5d00000)
  to   space 1024K, 0% used [0x00000000d5b00000,0x00000000d5b00000,0x00000000d5c00000)
 ParOldGen       total 108032K, used 46238K [0x0000000080000000, 0x0000000086980000, 0x00000000d5580000)
  object space 108032K, 42% used [0x0000000080000000,0x0000000082d27920,0x0000000086980000)
 Metaspace       used 58653K, committed 60032K, reserved 1114112K
  class space    used 6239K, committed 6848K, reserved 1048576K
}
Event: 17.129 GC heap before
{Heap before GC invocations=98 (full 3):
 PSYoungGen      total 5632K, used 5269K [0x00000000d5580000, 0x00000000d5d00000, 0x0000000100000000)
  eden space 4608K, 99% used [0x00000000d5580000,0x00000000d59fd570,0x00000000d5a00000)
  from space 1024K, 65% used [0x00000000d5c00000,0x00000000d5ca8000,0x00000000d5d00000)
  to   space 1024K, 0% used [0x00000000d5b00000,0x00000000d5b00000,0x00000000d5c00000)
 ParOldGen       total 108032K, used 46238K [0x0000000080000000, 0x0000000086980000, 0x00000000d5580000)
  object space 108032K, 42% used [0x0000000080000000,0x0000000082d27920,0x0000000086980000)
 Metaspace       used 58666K, committed 60032K, reserved 1114112K
  class space    used 6239K, committed 6848K, reserved 1048576K
}
Event: 17.131 GC heap after
{Heap after GC invocations=98 (full 3):
 PSYoungGen      total 5632K, used 736K [0x00000000d5580000, 0x00000000d5c80000, 0x0000000100000000)
  eden space 4608K, 0% used [0x00000000d5580000,0x00000000d5580000,0x00000000d5a00000)
  from space 1024K, 71% used [0x00000000d5b00000,0x00000000d5bb8000,0x00000000d5c00000)
  to   space 512K, 0% used [0x00000000d5c00000,0x00000000d5c00000,0x00000000d5c80000)
 ParOldGen       total 108032K, used 46648K [0x0000000080000000, 0x0000000086980000, 0x00000000d5580000)
  object space 108032K, 43% used [0x0000000080000000,0x0000000082d8e0a8,0x0000000086980000)
 Metaspace       used 58666K, committed 60032K, reserved 1114112K
  class space    used 6239K, committed 6848K, reserved 1048576K
}
Event: 17.145 GC heap before
{Heap before GC invocations=99 (full 3):
 PSYoungGen      total 5632K, used 5344K [0x00000000d5580000, 0x00000000d5c80000, 0x0000000100000000)
  eden space 4608K, 100% used [0x00000000d5580000,0x00000000d5a00000,0x00000000d5a00000)
  from space 1024K, 71% used [0x00000000d5b00000,0x00000000d5bb8000,0x00000000d5c00000)
  to   space 512K, 0% used [0x00000000d5c00000,0x00000000d5c00000,0x00000000d5c80000)
 ParOldGen       total 108032K, used 46648K [0x0000000080000000, 0x0000000086980000, 0x00000000d5580000)
  object space 108032K, 43% used [0x0000000080000000,0x0000000082d8e0a8,0x0000000086980000)
 Metaspace       used 58732K, committed 60160K, reserved 1114112K
  class space    used 6246K, committed 6848K, reserved 1048576K
}
Event: 17.146 GC heap after
{Heap after GC invocations=99 (full 3):
 PSYoungGen      total 5120K, used 502K [0x00000000d5580000, 0x00000000d5d00000, 0x0000000100000000)
  eden space 4608K, 0% used [0x00000000d5580000,0x00000000d5580000,0x00000000d5a00000)
  from space 512K, 98% used [0x00000000d5c00000,0x00000000d5c7d808,0x00000000d5c80000)
  to   space 1536K, 0% used [0x00000000d5a00000,0x00000000d5a00000,0x00000000d5b80000)
 ParOldGen       total 108032K, used 47208K [0x0000000080000000, 0x0000000086980000, 0x00000000d5580000)
  object space 108032K, 43% used [0x0000000080000000,0x0000000082e1a0a8,0x0000000086980000)
 Metaspace       used 58732K, committed 60160K, reserved 1114112K
  class space    used 6246K, committed 6848K, reserved 1048576K
}
Event: 17.202 GC heap before
{Heap before GC invocations=100 (full 3):
 PSYoungGen      total 5120K, used 5110K [0x00000000d5580000, 0x00000000d5d00000, 0x0000000100000000)
  eden space 4608K, 100% used [0x00000000d5580000,0x00000000d5a00000,0x00000000d5a00000)
  from space 512K, 98% used [0x00000000d5c00000,0x00000000d5c7d808,0x00000000d5c80000)
  to   space 1536K, 0% used [0x00000000d5a00000,0x00000000d5a00000,0x00000000d5b80000)
 ParOldGen       total 108032K, used 47208K [0x0000000080000000, 0x0000000086980000, 0x00000000d5580000)
  object space 108032K, 43% used [0x0000000080000000,0x0000000082e1a0a8,0x0000000086980000)
 Metaspace       used 59031K, committed 60416K, reserved 1114112K
  class space    used 6272K, committed 6848K, reserved 1048576K
}
Event: 17.203 GC heap after
{Heap after GC invocations=100 (full 3):
 PSYoungGen      total 6144K, used 532K [0x00000000d5580000, 0x00000000d5c80000, 0x0000000100000000)
  eden space 4608K, 0% used [0x00000000d5580000,0x00000000d5580000,0x00000000d5a00000)
  from space 1536K, 34% used [0x00000000d5a00000,0x00000000d5a852c8,0x00000000d5b80000)
  to   space 1024K, 0% used [0x00000000d5b80000,0x00000000d5b80000,0x00000000d5c80000)
 ParOldGen       total 108032K, used 47598K [0x0000000080000000, 0x0000000086980000, 0x00000000d5580000)
  object space 108032K, 44% used [0x0000000080000000,0x0000000082e7b8b0,0x0000000086980000)
 Metaspace       used 59031K, committed 60416K, reserved 1114112K
  class space    used 6272K, committed 6848K, reserved 1048576K
}
Event: 17.221 GC heap before
{Heap before GC invocations=101 (full 3):
 PSYoungGen      total 6144K, used 5140K [0x00000000d5580000, 0x00000000d5c80000, 0x0000000100000000)
  eden space 4608K, 100% used [0x00000000d5580000,0x00000000d5a00000,0x00000000d5a00000)
  from space 1536K, 34% used [0x00000000d5a00000,0x00000000d5a852c8,0x00000000d5b80000)
  to   space 1024K, 0% used [0x00000000d5b80000,0x00000000d5b80000,0x00000000d5c80000)
 ParOldGen       total 108032K, used 47598K [0x0000000080000000, 0x0000000086980000, 0x00000000d5580000)
  object space 108032K, 44% used [0x0000000080000000,0x0000000082e7b8b0,0x0000000086980000)
 Metaspace       used 59084K, committed 60480K, reserved 1114112K
  class space    used 6281K, committed 6912K, reserved 1048576K
}
Event: 17.222 GC heap after
{Heap after GC invocations=101 (full 3):
 PSYoungGen      total 5632K, used 704K [0x00000000d5580000, 0x00000000d5c80000, 0x0000000100000000)
  eden space 4608K, 0% used [0x00000000d5580000,0x00000000d5580000,0x00000000d5a00000)
  from space 1024K, 68% used [0x00000000d5b80000,0x00000000d5c30000,0x00000000d5c80000)
  to   space 1024K, 0% used [0x00000000d5a80000,0x00000000d5a80000,0x00000000d5b80000)
 ParOldGen       total 108032K, used 47890K [0x0000000080000000, 0x0000000086980000, 0x00000000d5580000)
  object space 108032K, 44% used [0x0000000080000000,0x0000000082ec4b78,0x0000000086980000)
 Metaspace       used 59084K, committed 60480K, reserved 1114112K
  class space    used 6281K, committed 6912K, reserved 1048576K
}
Event: 17.252 GC heap before
{Heap before GC invocations=102 (full 3):
 PSYoungGen      total 5632K, used 5312K [0x00000000d5580000, 0x00000000d5c80000, 0x0000000100000000)
  eden space 4608K, 100% used [0x00000000d5580000,0x00000000d5a00000,0x00000000d5a00000)
  from space 1024K, 68% used [0x00000000d5b80000,0x00000000d5c30000,0x00000000d5c80000)
  to   space 1024K, 0% used [0x00000000d5a80000,0x00000000d5a80000,0x00000000d5b80000)
 ParOldGen       total 108032K, used 47890K [0x0000000080000000, 0x0000000086980000, 0x00000000d5580000)
  object space 108032K, 44% used [0x0000000080000000,0x0000000082ec4b78,0x0000000086980000)
 Metaspace       used 59116K, committed 60544K, reserved 1114112K
  class space    used 6287K, committed 6912K, reserved 1048576K
}
Event: 17.253 GC heap after
{Heap after GC invocations=102 (full 3):
 PSYoungGen      total 5632K, used 747K [0x00000000d5580000, 0x00000000d5c00000, 0x0000000100000000)
  eden space 4608K, 0% used [0x00000000d5580000,0x00000000d5580000,0x00000000d5a00000)
  from space 1024K, 72% used [0x00000000d5a80000,0x00000000d5b3ac18,0x00000000d5b80000)
  to   space 512K, 0% used [0x00000000d5b80000,0x00000000d5b80000,0x00000000d5c00000)
 ParOldGen       total 108032K, used 48362K [0x0000000080000000, 0x0000000086980000, 0x00000000d5580000)
  object space 108032K, 44% used [0x0000000080000000,0x0000000082f3ab78,0x0000000086980000)
 Metaspace       used 59116K, committed 60544K, reserved 1114112K
  class space    used 6287K, committed 6912K, reserved 1048576K
}
Event: 17.308 GC heap before
{Heap before GC invocations=103 (full 3):
 PSYoungGen      total 5632K, used 5355K [0x00000000d5580000, 0x00000000d5c00000, 0x0000000100000000)
  eden space 4608K, 100% used [0x00000000d5580000,0x00000000d5a00000,0x00000000d5a00000)
  from space 1024K, 72% used [0x00000000d5a80000,0x00000000d5b3ac18,0x00000000d5b80000)
  to   space 512K, 0% used [0x00000000d5b80000,0x00000000d5b80000,0x00000000d5c00000)
 ParOldGen       total 108032K, used 48362K [0x0000000080000000, 0x0000000086980000, 0x00000000d5580000)
  object space 108032K, 44% used [0x0000000080000000,0x0000000082f3ab78,0x0000000086980000)
 Metaspace       used 59338K, committed 60736K, reserved 1114112K
  class space    used 6311K, committed 6912K, reserved 1048576K
}
Event: 17.309 GC heap after
{Heap after GC invocations=103 (full 3):
 PSYoungGen      total 5120K, used 512K [0x00000000d5580000, 0x00000000d5d00000, 0x0000000100000000)
  eden space 4608K, 0% used [0x00000000d5580000,0x00000000d5580000,0x00000000d5a00000)
  from space 512K, 100% used [0x00000000d5b80000,0x00000000d5c00000,0x00000000d5c00000)
  to   space 1536K, 0% used [0x00000000d5a00000,0x00000000d5a00000,0x00000000d5b80000)
 ParOldGen       total 108032K, used 49077K [0x0000000080000000, 0x0000000086980000, 0x00000000d5580000)
  object space 108032K, 45% used [0x0000000080000000,0x0000000082fed780,0x0000000086980000)
 Metaspace       used 59338K, committed 60736K, reserved 1114112K
  class space    used 6311K, committed 6912K, reserved 1048576K
}

