# JRE version: OpenJDK Runtime Environment Temurin-21.0.10+7 (21.0.10+7) (build 21.0.10+7-LTS)
# Java VM: OpenJDK 64-Bit Server VM Temurin-21.0.10+7 (21.0.10+7-LTS, mixed mode, sharing, tiered, compressed oops, compressed class ptrs, parallel gc, windows-amd64)
GC Precious Log:
 CardTable entry size: 512
 CPUs: 16 total, 16 available
 Memory: 7537M
 Large Page Support: Disabled
 NUMA Support: Disabled
 Compressed Oops: Enabled (32-bit)
 Alignments: Space 512K, Generation 512K, Heap 2M
 Heap Min Capacity: 100M
 Heap Initial Capacity: 100M
 Heap Max Capacity: 2G
 Pre-touch: Disabled
 Parallel Workers: 13
Heap:
 PSYoungGen      total 5120K, used 1013K [0x00000000d5580000, 0x00000000d5b80000, 0x0000000100000000)
  eden space 4096K, 0% used [0x00000000d5580000,0x00000000d5580000,0x00000000d5980000)
  from space 1024K, 98% used [0x00000000d5980000,0x00000000d5a7d400,0x00000000d5a80000)
  to   space 1024K, 0% used [0x00000000d5a80000,0x00000000d5a80000,0x00000000d5b80000)
 ParOldGen       total 631808K, used 631671K [0x0000000080000000, 0x00000000a6900000, 0x00000000d5580000)
  object space 631808K, 99% used [0x0000000080000000,0x00000000a68ddc18,0x00000000a6900000)
 Metaspace       used 70722K, committed 72192K, reserved 1114112K
  class space    used 7470K, committed 8128K, reserved 1048576K
GC Heap History (20 events):
Event: 38.450 GC heap after
{Heap after GC invocations=914 (full 3):
 PSYoungGen      total 2048K, used 352K [0x00000000d5580000, 0x00000000d5980000, 0x0000000100000000)
  eden space 1536K, 0% used [0x00000000d5580000,0x00000000d5580000,0x00000000d5700000)
  from space 512K, 68% used [0x00000000d5880000,0x00000000d58d8000,0x00000000d5900000)
  to   space 512K, 0% used [0x00000000d5900000,0x00000000d5900000,0x00000000d5980000)
 ParOldGen       total 623616K, used 623468K [0x0000000080000000, 0x00000000a6100000, 0x00000000d5580000)
  object space 623616K, 99% used [0x0000000080000000,0x00000000a60db1e8,0x00000000a6100000)
 Metaspace       used 70722K, committed 72192K, reserved 1114112K
  class space    used 7470K, committed 8128K, reserved 1048576K
}
Event: 38.461 GC heap before
{Heap before GC invocations=915 (full 3):
 PSYoungGen      total 2048K, used 1888K [0x00000000d5580000, 0x00000000d5980000, 0x0000000100000000)
  eden space 1536K, 100% used [0x00000000d5580000,0x00000000d5700000,0x00000000d5700000)
  from space 512K, 68% used [0x00000000d5880000,0x00000000d58d8000,0x00000000d5900000)
  to   space 512K, 0% used [0x00000000d5900000,0x00000000d5900000,0x00000000d5980000)
 ParOldGen       total 623616K, used 623468K [0x0000000080000000, 0x00000000a6100000, 0x00000000d5580000)
  object space 623616K, 99% used [0x0000000080000000,0x00000000a60db1e8,0x00000000a6100000)
 Metaspace       used 70722K, committed 72192K, reserved 1114112K
  class space    used 7470K, committed 8128K, reserved 1048576K
}
Event: 39.464 GC heap after
{Heap after GC invocations=915 (full 3):
 PSYoungGen      total 2560K, used 411K [0x00000000d5580000, 0x00000000d5980000, 0x0000000100000000)
  eden space 2048K, 0% used [0x00000000d5580000,0x00000000d5580000,0x00000000d5780000)
  from space 512K, 80% used [0x00000000d5900000,0x00000000d5966c08,0x00000000d5980000)
  to   space 512K, 0% used [0x00000000d5880000,0x00000000d5880000,0x00000000d5900000)
 ParOldGen       total 624128K, used 623716K [0x0000000080000000, 0x00000000a6180000, 0x00000000d5580000)
  object space 624128K, 99% used [0x0000000080000000,0x00000000a61191e8,0x00000000a6180000)
 Metaspace       used 70722K, committed 72192K, reserved 1114112K
  class space    used 7470K, committed 8128K, reserved 1048576K
}
Event: 39.557 GC heap before
{Heap before GC invocations=916 (full 3):
 PSYoungGen      total 2560K, used 2459K [0x00000000d5580000, 0x00000000d5980000, 0x0000000100000000)
  eden space 2048K, 100% used [0x00000000d5580000,0x00000000d5780000,0x00000000d5780000)
  from space 512K, 80% used [0x00000000d5900000,0x00000000d5966c08,0x00000000d5980000)
  to   space 512K, 0% used [0x00000000d5880000,0x00000000d5880000,0x00000000d5900000)
 ParOldGen       total 624128K, used 623716K [0x0000000080000000, 0x00000000a6180000, 0x00000000d5580000)
  object space 624128K, 99% used [0x0000000080000000,0x00000000a61191e8,0x00000000a6180000)
 Metaspace       used 70722K, committed 72192K, reserved 1114112K
  class space    used 7470K, committed 8128K, reserved 1048576K
}
Event: 39.559 GC heap after
{Heap after GC invocations=916 (full 3):
 PSYoungGen      total 3072K, used 416K [0x00000000d5580000, 0x00000000d5980000, 0x0000000100000000)
  eden space 2560K, 0% used [0x00000000d5580000,0x00000000d5580000,0x00000000d5800000)
  from space 512K, 81% used [0x00000000d5880000,0x00000000d58e8000,0x00000000d5900000)
  to   space 512K, 0% used [0x00000000d5900000,0x00000000d5900000,0x00000000d5980000)
 ParOldGen       total 624128K, used 623943K [0x0000000080000000, 0x00000000a6180000, 0x00000000d5580000)
  object space 624128K, 99% used [0x0000000080000000,0x00000000a6151df0,0x00000000a6180000)
 Metaspace       used 70722K, committed 72192K, reserved 1114112K
  class space    used 7470K, committed 8128K, reserved 1048576K
}
Event: 39.586 GC heap before
{Heap before GC invocations=917 (full 3):
 PSYoungGen      total 3072K, used 2963K [0x00000000d5580000, 0x00000000d5980000, 0x0000000100000000)
  eden space 2560K, 99% used [0x00000000d5580000,0x00000000d57fcc88,0x00000000d5800000)
  from space 512K, 81% used [0x00000000d5880000,0x00000000d58e8000,0x00000000d5900000)
  to   space 512K, 0% used [0x00000000d5900000,0x00000000d5900000,0x00000000d5980000)
 ParOldGen       total 624128K, used 623943K [0x0000000080000000, 0x00000000a6180000, 0x00000000d5580000)
  object space 624128K, 99% used [0x0000000080000000,0x00000000a6151df0,0x00000000a6180000)
 Metaspace       used 70722K, committed 72192K, reserved 1114112K
  class space    used 7470K, committed 8128K, reserved 1048576K
}
Event: 39.589 GC heap after
{Heap after GC invocations=917 (full 3):
 PSYoungGen      total 3072K, used 512K [0x00000000d5580000, 0x00000000d5a80000, 0x0000000100000000)
  eden space 2560K, 0% used [0x00000000d5580000,0x00000000d5580000,0x00000000d5800000)
  from space 512K, 100% used [0x00000000d5900000,0x00000000d5980000,0x00000000d5980000)
  to   space 1024K, 0% used [0x00000000d5800000,0x00000000d5800000,0x00000000d5900000)
 ParOldGen       total 624640K, used 624191K [0x0000000080000000, 0x00000000a6200000, 0x00000000d5580000)
  object space 624640K, 99% used [0x0000000080000000,0x00000000a618fdf0,0x00000000a6200000)
 Metaspace       used 70722K, committed 72192K, reserved 1114112K
  class space    used 7470K, committed 8128K, reserved 1048576K
}
Event: 39.600 GC heap before
{Heap before GC invocations=918 (full 3):
 PSYoungGen      total 3072K, used 3072K [0x00000000d5580000, 0x00000000d5a80000, 0x0000000100000000)
  eden space 2560K, 100% used [0x00000000d5580000,0x00000000d5800000,0x00000000d5800000)
  from space 512K, 100% used [0x00000000d5900000,0x00000000d5980000,0x00000000d5980000)
  to   space 1024K, 0% used [0x00000000d5800000,0x00000000d5800000,0x00000000d5900000)
 ParOldGen       total 624640K, used 624191K [0x0000000080000000, 0x00000000a6200000, 0x00000000d5580000)
  object space 624640K, 99% used [0x0000000080000000,0x00000000a618fdf0,0x00000000a6200000)
 Metaspace       used 70722K, committed 72192K, reserved 1114112K
  class space    used 7470K, committed 8128K, reserved 1048576K
}
Event: 39.602 GC heap after
{Heap after GC invocations=918 (full 3):
 PSYoungGen      total 3584K, used 534K [0x00000000d5580000, 0x00000000d5a80000, 0x0000000100000000)
  eden space 2560K, 0% used [0x00000000d5580000,0x00000000d5580000,0x00000000d5800000)
  from space 1024K, 52% used [0x00000000d5800000,0x00000000d5885808,0x00000000d5900000)
  to   space 1024K, 0% used [0x00000000d5980000,0x00000000d5980000,0x00000000d5a80000)
 ParOldGen       total 624640K, used 624535K [0x0000000080000000, 0x00000000a6200000, 0x00000000d5580000)
  object space 624640K, 99% used [0x0000000080000000,0x00000000a61e5df0,0x00000000a6200000)
 Metaspace       used 70722K, committed 72192K, reserved 1114112K
  class space    used 7470K, committed 8128K, reserved 1048576K
}
Event: 39.610 GC heap before
{Heap before GC invocations=919 (full 3):
 PSYoungGen      total 3584K, used 3086K [0x00000000d5580000, 0x00000000d5a80000, 0x0000000100000000)
  eden space 2560K, 99% used [0x00000000d5580000,0x00000000d57fe1d0,0x00000000d5800000)
  from space 1024K, 52% used [0x00000000d5800000,0x00000000d5885808,0x00000000d5900000)
  to   space 1024K, 0% used [0x00000000d5980000,0x00000000d5980000,0x00000000d5a80000)
 ParOldGen       total 624640K, used 624535K [0x0000000080000000, 0x00000000a6200000, 0x00000000d5580000)
  object space 624640K, 99% used [0x0000000080000000,0x00000000a61e5df0,0x00000000a6200000)
 Metaspace       used 70722K, committed 72192K, reserved 1114112K
  class space    used 7470K, committed 8128K, reserved 1048576K
}
Event: 39.612 GC heap after
{Heap after GC invocations=919 (full 3):
 PSYoungGen      total 4096K, used 480K [0x00000000d5580000, 0x00000000d5a80000, 0x0000000100000000)
  eden space 3072K, 0% used [0x00000000d5580000,0x00000000d5580000,0x00000000d5880000)
  from space 1024K, 46% used [0x00000000d5980000,0x00000000d59f8000,0x00000000d5a80000)
  to   space 1024K, 0% used [0x00000000d5880000,0x00000000d5880000,0x00000000d5980000)
 ParOldGen       total 625152K, used 624933K [0x0000000080000000, 0x00000000a6280000, 0x00000000d5580000)
  object space 625152K, 99% used [0x0000000080000000,0x00000000a62495f8,0x00000000a6280000)
 Metaspace       used 70722K, committed 72192K, reserved 1114112K
  class space    used 7470K, committed 8128K, reserved 1048576K
}
Event: 39.623 GC heap before
{Heap before GC invocations=920 (full 3):
 PSYoungGen      total 4096K, used 3552K [0x00000000d5580000, 0x00000000d5a80000, 0x0000000100000000)
  eden space 3072K, 100% used [0x00000000d5580000,0x00000000d5880000,0x00000000d5880000)
  from space 1024K, 46% used [0x00000000d5980000,0x00000000d59f8000,0x00000000d5a80000)
  to   space 1024K, 0% used [0x00000000d5880000,0x00000000d5880000,0x00000000d5980000)
 ParOldGen       total 625152K, used 624933K [0x0000000080000000, 0x00000000a6280000, 0x00000000d5580000)
  object space 625152K, 99% used [0x0000000080000000,0x00000000a62495f8,0x00000000a6280000)
 Metaspace       used 70722K, committed 72192K, reserved 1114112K
  class space    used 7470K, committed 8128K, reserved 1048576K
}
Event: 39.625 GC heap after
{Heap after GC invocations=920 (full 3):
 PSYoungGen      total 4096K, used 608K [0x00000000d5580000, 0x00000000d5a80000, 0x0000000100000000)
  eden space 3072K, 0% used [0x00000000d5580000,0x00000000d5580000,0x00000000d5880000)
  from space 1024K, 59% used [0x00000000d5880000,0x00000000d5918000,0x00000000d5980000)
  to   space 1024K, 0% used [0x00000000d5980000,0x00000000d5980000,0x00000000d5a80000)
 ParOldGen       total 625664K, used 625253K [0x0000000080000000, 0x00000000a6300000, 0x00000000d5580000)
  object space 625664K, 99% used [0x0000000080000000,0x00000000a62995f8,0x00000000a6300000)
 Metaspace       used 70722K, committed 72192K, reserved 1114112K
  class space    used 7470K, committed 8128K, reserved 1048576K
}
Event: 39.637 GC heap before
{Heap before GC invocations=921 (full 3):
 PSYoungGen      total 4096K, used 3678K [0x00000000d5580000, 0x00000000d5a80000, 0x0000000100000000)
  eden space 3072K, 99% used [0x00000000d5580000,0x00000000d587fa90,0x00000000d5880000)
  from space 1024K, 59% used [0x00000000d5880000,0x00000000d5918000,0x00000000d5980000)
  to   space 1024K, 0% used [0x00000000d5980000,0x00000000d5980000,0x00000000d5a80000)
 ParOldGen       total 625664K, used 625253K [0x0000000080000000, 0x00000000a6300000, 0x00000000d5580000)
  object space 625664K, 99% used [0x0000000080000000,0x00000000a62995f8,0x00000000a6300000)
 Metaspace       used 70722K, committed 72192K, reserved 1114112K
  class space    used 7470K, committed 8128K, reserved 1048576K
}
Event: 39.639 GC heap after
{Heap after GC invocations=921 (full 3):
 PSYoungGen      total 4096K, used 576K [0x00000000d5580000, 0x00000000d5a80000, 0x0000000100000000)
  eden space 3072K, 0% used [0x00000000d5580000,0x00000000d5580000,0x00000000d5880000)
  from space 1024K, 56% used [0x00000000d5980000,0x00000000d5a10000,0x00000000d5a80000)
  to   space 1024K, 0% used [0x00000000d5880000,0x00000000d5880000,0x00000000d5980000)
 ParOldGen       total 625664K, used 625645K [0x0000000080000000, 0x00000000a6300000, 0x00000000d5580000)
  object space 625664K, 99% used [0x0000000080000000,0x00000000a62fb5f8,0x00000000a6300000)
 Metaspace       used 70722K, committed 72192K, reserved 1114112K
  class space    used 7470K, committed 8128K, reserved 1048576K
}
Event: 39.651 GC heap before
{Heap before GC invocations=922 (full 3):
 PSYoungGen      total 4096K, used 3648K [0x00000000d5580000, 0x00000000d5a80000, 0x0000000100000000)
  eden space 3072K, 100% used [0x00000000d5580000,0x00000000d5880000,0x00000000d5880000)
  from space 1024K, 56% used [0x00000000d5980000,0x00000000d5a10000,0x00000000d5a80000)
  to   space 1024K, 0% used [0x00000000d5880000,0x00000000d5880000,0x00000000d5980000)
 ParOldGen       total 625664K, used 625645K [0x0000000080000000, 0x00000000a6300000, 0x00000000d5580000)
  object space 625664K, 99% used [0x0000000080000000,0x00000000a62fb5f8,0x00000000a6300000)
 Metaspace       used 70722K, committed 72192K, reserved 1114112K
  class space    used 7470K, committed 8128K, reserved 1048576K
}
Event: 39.652 GC heap after
{Heap after GC invocations=922 (full 3):
 PSYoungGen      total 4096K, used 588K [0x00000000d5580000, 0x00000000d5a80000, 0x0000000100000000)
  eden space 3072K, 0% used [0x00000000d5580000,0x00000000d5580000,0x00000000d5880000)
  from space 1024K, 57% used [0x00000000d5880000,0x00000000d5913008,0x00000000d5980000)
  to   space 1024K, 0% used [0x00000000d5980000,0x00000000d5980000,0x00000000d5a80000)
 ParOldGen       total 626176K, used 626005K [0x0000000080000000, 0x00000000a6380000, 0x00000000d5580000)
  object space 626176K, 99% used [0x0000000080000000,0x00000000a63555f8,0x00000000a6380000)
 Metaspace       used 70722K, committed 72192K, reserved 1114112K
  class space    used 7470K, committed 8128K, reserved 1048576K
}
Event: 39.663 GC heap before
{Heap before GC invocations=923 (full 3):
 PSYoungGen      total 4096K, used 3660K [0x00000000d5580000, 0x00000000d5a80000, 0x0000000100000000)
  eden space 3072K, 100% used [0x00000000d5580000,0x00000000d5880000,0x00000000d5880000)
  from space 1024K, 57% used [0x00000000d5880000,0x00000000d5913008,0x00000000d5980000)
  to   space 1024K, 0% used [0x00000000d5980000,0x00000000d5980000,0x00000000d5a80000)
 ParOldGen       total 626176K, used 626005K [0x0000000080000000, 0x00000000a6380000, 0x00000000d5580000)
  object space 626176K, 99% used [0x0000000080000000,0x00000000a63555f8,0x00000000a6380000)
 Metaspace       used 70722K, committed 72192K, reserved 1114112K
  class space    used 7470K, committed 8128K, reserved 1048576K
}
Event: 39.664 GC heap after
{Heap after GC invocations=923 (full 3):
 PSYoungGen      total 4096K, used 544K [0x00000000d5580000, 0x00000000d5a80000, 0x0000000100000000)
  eden space 3072K, 0% used [0x00000000d5580000,0x00000000d5580000,0x00000000d5880000)
  from space 1024K, 53% used [0x00000000d5980000,0x00000000d5a08000,0x00000000d5a80000)
  to   space 1024K, 0% used [0x00000000d5880000,0x00000000d5880000,0x00000000d5980000)
 ParOldGen       total 626688K, used 626481K [0x0000000080000000, 0x00000000a6400000, 0x00000000d5580000)
  object space 626688K, 99% used [0x0000000080000000,0x00000000a63cc600,0x00000000a6400000)
 Metaspace       used 70722K, committed 72192K, reserved 1114112K
  class space    used 7470K, committed 8128K, reserved 1048576K
}
Event: 39.674 GC heap before
{Heap before GC invocations=924 (full 3):
 PSYoungGen      total 4096K, used 3605K [0x00000000d5580000, 0x00000000d5a80000, 0x0000000100000000)
  eden space 3072K, 99% used [0x00000000d5580000,0x00000000d587d6d8,0x00000000d5880000)
  from space 1024K, 53% used [0x00000000d5980000,0x00000000d5a08000,0x00000000d5a80000)
  to   space 1024K, 0% used [0x00000000d5880000,0x00000000d5880000,0x00000000d5980000)
 ParOldGen       total 626688K, used 626481K [0x0000000080000000, 0x00000000a6400000, 0x00000000d5580000)
  object space 626688K, 99% used [0x0000000080000000,0x00000000a63cc600,0x00000000a6400000)
 Metaspace       used 70722K, committed 72192K, reserved 1114112K
  class space    used 7470K, committed 8128K, reserved 1048576K
}

